<?xml version="1.0" encoding="UTF-8"?>
<testng-results skipped="0" failed="0" ignored="0" total="1" passed="1">
  <reporter-output>
  </reporter-output>
  <suite name="Default suite" duration-ms="63" started-at="2018-07-26T08:42:53Z" finished-at="2018-07-26T08:42:53Z">
    <groups>
    </groups>
    <test name="Default test" duration-ms="63" started-at="2018-07-26T08:42:53Z" finished-at="2018-07-26T08:42:53Z">
      <class name="TestBase.TestBase">
        <test-method status="PASS" signature="ReadProp()[pri:0, instance:TestBase.TestBase@8bd1b6a]" name="ReadProp" duration-ms="28" started-at="2018-07-26T08:42:53Z" finished-at="2018-07-26T08:42:53Z">
          <reporter-output>
          </reporter-output>
        </test-method> <!-- ReadProp -->
      </class> <!-- TestBase.TestBase -->
    </test> <!-- Default test -->
  </suite> <!-- Default suite -->
</testng-results>
